proguard/seeds.txt
com.hippo.ehviewer.AppContext
com.hippo.ehviewer.AppContext: AppContext()
com.hippo.ehviewer.R$array: int download_item_long_click
com.hippo.ehviewer.R$array: int favourite_item_long_click
com.hippo.ehviewer.R$array: int is_exhentai
com.hippo.ehviewer.R$array: int list_item_long_click
com.hippo.ehviewer.R$array: int list_list_title
com.hippo.ehviewer.R$array: int min_rating
com.hippo.ehviewer.R$array: int page_scaling_entries
com.hippo.ehviewer.R$array: int page_scaling_entry_values
com.hippo.ehviewer.R$array: int preference_screen_ori_entries
com.hippo.ehviewer.R$array: int preference_screen_ori_entry_values
com.hippo.ehviewer.R$array: int preference_update_server_entries
com.hippo.ehviewer.R$array: int preference_update_server_entry_values
com.hippo.ehviewer.R$array: int start_position_entries
com.hippo.ehviewer.R$array: int start_position_values
com.hippo.ehviewer.R$attr: int adjustViewBounds
com.hippo.ehviewer.R$attr: int baseLine
com.hippo.ehviewer.R$attr: int baseline
com.hippo.ehviewer.R$attr: int baselineAlignBottom
com.hippo.ehviewer.R$attr: int cropToPadding
com.hippo.ehviewer.R$attr: int drawableAlpha
com.hippo.ehviewer.R$attr: int mask
com.hippo.ehviewer.R$attr: int maxHeight
com.hippo.ehviewer.R$attr: int maxWidth
com.hippo.ehviewer.R$attr: int scaleType
com.hippo.ehviewer.R$attr: int src
com.hippo.ehviewer.R$attr: int tint
com.hippo.ehviewer.R$color: int blue_dark
com.hippo.ehviewer.R$color: int blue_light
com.hippo.ehviewer.R$dimen: int activity_horizontal_margin
com.hippo.ehviewer.R$dimen: int activity_vertical_margin
com.hippo.ehviewer.R$dimen: int menu_offset
com.hippo.ehviewer.R$dimen: int shadow_width
com.hippo.ehviewer.R$drawable: int artistcg
com.hippo.ehviewer.R$drawable: int asianporn
com.hippo.ehviewer.R$drawable: int back
com.hippo.ehviewer.R$drawable: int cosplay
com.hippo.ehviewer.R$drawable: int doujinshi
com.hippo.ehviewer.R$drawable: int front
com.hippo.ehviewer.R$drawable: int gamecg
com.hippo.ehviewer.R$drawable: int ic_action_action_search
com.hippo.ehviewer.R$drawable: int ic_action_completed
com.hippo.ehviewer.R$drawable: int ic_action_core_overflow
com.hippo.ehviewer.R$drawable: int ic_action_download
com.hippo.ehviewer.R$drawable: int ic_action_favourite
com.hippo.ehviewer.R$drawable: int ic_action_jump
com.hippo.ehviewer.R$drawable: int ic_action_pause
com.hippo.ehviewer.R$drawable: int ic_action_refresh
com.hippo.ehviewer.R$drawable: int ic_action_remove
com.hippo.ehviewer.R$drawable: int ic_action_search
com.hippo.ehviewer.R$drawable: int ic_action_settings
com.hippo.ehviewer.R$drawable: int ic_action_start
com.hippo.ehviewer.R$drawable: int ic_launcher
com.hippo.ehviewer.R$drawable: int ic_navigation_drawer
com.hippo.ehviewer.R$drawable: int ic_pulltorefresh_arrow
com.hippo.ehviewer.R$drawable: int ic_touch
com.hippo.ehviewer.R$drawable: int imageset
com.hippo.ehviewer.R$drawable: int manga
com.hippo.ehviewer.R$drawable: int mask
com.hippo.ehviewer.R$drawable: int misc
com.hippo.ehviewer.R$drawable: int non_h
com.hippo.ehviewer.R$drawable: int progress_large
com.hippo.ehviewer.R$drawable: int progress_small
...
android.support.v4.app.FragmentTabHost$SavedState
android.support.v4.app.FragmentTabHost$SavedState: android.os.Parcelable$Creator CREATOR
android.support.v4.content.ModernAsyncTask$Status: android.support.v4.content.ModernAsyncTask$Status[] values()
android.support.v4.content.ModernAsyncTask$Status: android.support.v4.content.ModernAsyncTask$Status valueOf(java.lang.String)
android.support.v4.view.PagerTabStrip: void setTabIndicatorColor(int)
android.support.v4.view.PagerTabStrip: void setTabIndicatorColorResource(int)
android.support.v4.view.PagerTabStrip: int getTabIndicatorColor()
android.support.v4.view.PagerTabStrip: void setTextSpacing(int)
android.support.v4.view.PagerTabStrip: void setBackgroundDrawable(android.graphics.drawable.Drawable)
android.support.v4.view.PagerTabStrip: void setBackgroundColor(int)
android.support.v4.view.PagerTabStrip: void setBackgroundResource(int)
android.support.v4.view.PagerTabStrip: void setDrawFullUnderline(boolean)
android.support.v4.view.PagerTabStrip: boolean getDrawFullUnderline()
android.support.v4.view.PagerTabStrip: int getMinHeight()
android.support.v4.view.PagerTitleStrip: void setSingleLineAllCaps(android.widget.TextView)
android.support.v4.view.PagerTitleStrip: void setTextSpacing(int)
android.support.v4.view.PagerTitleStrip: int getTextSpacing()
android.support.v4.view.PagerTitleStrip: void setNonPrimaryAlpha(float)
android.support.v4.view.PagerTitleStrip: void setTextColor(int)
android.support.v4.view.PagerTitleStrip: void setGravity(int)
android.support.v4.view.PagerTitleStrip: int getMinHeight()
android.support.v4.view.ViewPager: void setScrollState(int)
android.support.v4.view.ViewPager: void setAdapter(android.support.v4.view.PagerAdapter)
android.support.v4.view.ViewPager: android.support.v4.view.PagerAdapter getAdapter()
android.support.v4.view.ViewPager: void setOnAdapterChangeListener(android.support.v4.view.ViewPager$OnAdapterChangeListener)
android.support.v4.view.ViewPager: int getClientWidth()
android.support.v4.view.ViewPager: void setCurrentItem(int)
android.support.v4.view.ViewPager: int getCurrentItem()
android.support.v4.view.ViewPager: void setOnPageChangeListener(android.support.v4.view.ViewPager$OnPageChangeListener)
android.support.v4.view.ViewPager: void setChildrenDrawingOrderEnabledCompat(boolean)
android.support.v4.view.ViewPager: int getOffscreenPageLimit()
android.support.v4.view.ViewPager: void setOffscreenPageLimit(int)
android.support.v4.view.ViewPager: void setPageMargin(int)
android.support.v4.view.ViewPager: int getPageMargin()
android.support.v4.view.ViewPager: void setPageMarginDrawable(android.graphics.drawable.Drawable)
android.support.v4.view.ViewPager: void setPageMarginDrawable(int)
android.support.v4.view.ViewPager: void setScrollingCacheEnabled(boolean)
android.support.v4.view.ViewPager$SavedState
android.support.v4.view.ViewPager$SavedState: android.os.Parcelable$Creator CREATOR
android.support.v4.widget.DrawerLayout: void setScrimColor(int)
android.support.v4.widget.DrawerLayout: void setDrawerListener(android.support.v4.widget.DrawerLayout$DrawerListener)
android.support.v4.widget.DrawerLayout: void setDrawerLockMode(int)
android.support.v4.widget.DrawerLayout$SavedState
android.support.v4.widget.DrawerLayout$SavedState: android.os.Parcelable$Creator CREATOR