proguard/mapping.txt
com.hippo.ehviewer.AppContext -> com.hippo.ehviewer.AppContext:
    java.lang.Thread$UncaughtExceptionHandler mDefaultHandler -> a
    com.hippo.ehviewer.util.EhClient mEhClient -> b
    com.hippo.ehviewer.util.ThreadPool mNetworkThreadPool -> c
    void onCreate() -> onCreate
    com.hippo.ehviewer.util.EhClient getEhClient() -> a
    com.hippo.ehviewer.util.ThreadPool getNetworkThreadPool() -> b
    void uncaughtException(java.lang.Thread,java.lang.Throwable) -> uncaughtException
    boolean handleException(java.lang.Throwable) -> a
com.hippo.ehviewer.BeautifyScreen -> com.hippo.ehviewer.a:
    android.content.Context mContext -> a
    int mStatusBarHeight -> b
    int mNavigationBarHeight -> c
    int sbbId -> d
    int nbbId -> e
    void init(android.content.Context) -> a
    void ColourfyScreen(android.app.Activity) -> a
    boolean isPortrait(android.app.Activity) -> c
    void fixColour(android.app.Activity) -> b
com.hippo.ehviewer.DiskCache -> com.hippo.ehviewer.b:
    java.lang.String TAG -> a
    android.content.Context mContext -> b
    android.graphics.BitmapFactory$Options opt -> c
    com.jakewharton.disklrucache.DiskLruCache diskLruCache -> d
    long size() -> a
    long maxSize() -> b
    void setMaxSize(long) -> a
    void close() -> c
    java.lang.Object get(java.lang.String,int) -> a
    boolean put(java.lang.String,java.io.InputStream) -> a
    void clear() -> d
com.hippo.ehviewer.DiskCache$CacheOutputStream -> com.hippo.ehviewer.c:
    com.jakewharton.disklrucache.DiskLruCache$Editor editor -> b
    boolean failed -> c
    com.hippo.ehviewer.DiskCache this$0 -> a
    void close() -> close
    void flush() -> flush
    void write(int) -> write
    void write(byte[]) -> write
    void write(byte[],int,int) -> write
com.hippo.ehviewer.DownloadInfo -> com.hippo.ehviewer.d:
    java.lang.String gid -> a
    java.lang.String thumb -> b
    java.lang.String title -> c
    int status -> d
    boolean type -> e
    java.lang.String detailUrlStr -> f
    int pageSum -> g
    int lastStartIndex -> h
    java.lang.String pageUrlStr -> i
    float totalSize -> j
    float downloadSize -> k
com.hippo.ehviewer.ImageLoadManager -> com.hippo.ehviewer.e:
    android.content.Context mContext -> a
    java.util.Stack mLoadCacheTask -> b
    com.hippo.ehviewer.ImageLoadManager$ImageDownloadManager mImageDownloadTask -> c
    android.support.v4.util.LruCache mMemoryCache -> d
    com.hippo.ehviewer.DiskCache mDiskCache -> e
    com.hippo.ehviewer.ImageLoadManager$LoadTask curLoadTask -> f
    com.hippo.ehviewer.ImageLoadManager$LoadTask emptyLoadTask -> g
    android.os.Handler loadImageHandler -> h
    void add(com.hippo.ehviewer.widget.LoadImageView,boolean) -> a
    java.util.Stack access$0(com.hippo.ehviewer.ImageLoadManager) -> a
    void access$1(com.hippo.ehviewer.ImageLoadManager,com.hippo.ehviewer.ImageLoadManager$LoadTask) -> a
    com.hippo.ehviewer.ImageLoadManager$LoadTask access$2(com.hippo.ehviewer.ImageLoadManager) -> b
    android.support.v4.util.LruCache access$3(com.hippo.ehviewer.ImageLoadManager) -> c
    com.hippo.ehviewer.DiskCache access$4(com.hippo.ehviewer.ImageLoadManager) -> d
    com.hippo.ehviewer.ImageLoadManager$ImageDownloadManager access$5(com.hippo.ehviewer.ImageLoadManager) -> e
    android.os.Handler access$6() -> a
    android.content.Context access$7(com.hippo.ehviewer.ImageLoadManager) -> f
com.hippo.ehviewer.ImageLoadManager$1 -> com.hippo.ehviewer.f:
    void handleMessage(android.os.Message) -> handleMessage
...
android.support.v4.app.LoaderManager$LoaderCallbacks -> android.support.v4.app.x:
    android.support.v4.content.Loader onCreateLoader(int,android.os.Bundle) -> a
    void onLoadFinished(android.support.v4.content.Loader,java.lang.Object) -> a
    void onLoaderReset(android.support.v4.content.Loader) -> a
android.support.v4.app.LoaderManagerImpl -> android.support.v4.app.y:
    boolean DEBUG -> a
    android.support.v4.util.SparseArrayCompat mLoaders -> b
    android.support.v4.util.SparseArrayCompat mInactiveLoaders -> c
    java.lang.String mWho -> d
    android.support.v4.app.FragmentActivity mActivity -> e
    boolean mStarted -> f
    boolean mRetaining -> g
    void updateActivity(android.support.v4.app.FragmentActivity) -> a
    void doStart() -> b
    void doStop() -> c
    void doRetain() -> d
    void finishRetain() -> e
    void doReportNextStart() -> f
    void doReportStart() -> g
    void doDestroy() -> h
    java.lang.String toString() -> toString
    void dump(java.lang.String,java.io.FileDescriptor,java.io.PrintWriter,java.lang.String[]) -> a
    boolean hasRunningLoaders() -> a
android.support.v4.app.LoaderManagerImpl$LoaderInfo -> android.support.v4.app.z:
    int mId -> a
    android.os.Bundle mArgs -> b
    android.support.v4.app.LoaderManager$LoaderCallbacks mCallbacks -> c
    android.support.v4.content.Loader mLoader -> d
    boolean mHaveData -> e
    boolean mDeliveredData -> f
    java.lang.Object mData -> g
    boolean mStarted -> h
    boolean mRetaining -> i
    boolean mRetainingStarted -> j
    boolean mReportNextStart -> k
    boolean mDestroyed -> l
    boolean mListenerRegistered -> m
    android.support.v4.app.LoaderManagerImpl$LoaderInfo mPendingLoader -> n
    android.support.v4.app.LoaderManagerImpl this$0 -> o
    void start() -> a
    void retain() -> b
    void finishRetain() -> c
    void reportStart() -> d
    void stop() -> e
    void destroy() -> f
    void callOnLoadFinished(android.support.v4.content.Loader,java.lang.Object) -> a
    java.lang.String toString() -> toString
    void dump(java.lang.String,java.io.FileDescriptor,java.io.PrintWriter,java.lang.String[]) -> a
android.support.v4.app.NoSaveStateFrameLayout -> android.support.v4.app.aa:
    android.view.ViewGroup wrap(android.view.View) -> a
    void dispatchSaveInstanceState(android.util.SparseArray) -> dispatchSaveInstanceState
    void dispatchRestoreInstanceState(android.util.SparseArray) -> dispatchRestoreInstanceState
android.support.v4.app.NotificationCompat -> android.support.v4.app.ab:
    android.support.v4.app.NotificationCompat$NotificationCompatImpl IMPL -> a
    android.support.v4.app.NotificationCompat$NotificationCompatImpl access$000() -> a
android.support.v4.app.NotificationCompat$Action -> android.support.v4.app.ac:
    int icon -> a
    java.lang.CharSequence title -> b
    android.app.PendingIntent actionIntent -> c
android.support.v4.app.NotificationCompat$BigPictureStyle -> android.support.v4.app.ad:
    android.graphics.Bitmap mPicture -> a
    android.graphics.Bitmap mBigLargeIcon -> b
    boolean mBigLargeIconSet -> c
android.support.v4.app.NotificationCompat$BigTextStyle -> android.support.v4.app.ae:
    java.lang.CharSequence mBigText -> a