proguard/usage.txt
com.hippo.ehviewer.AppContext:
    private static final java.lang.String TAG
com.hippo.ehviewer.BeautifyScreen:
    private static final java.lang.String TAG
    33:33:private BeautifyScreen()
com.hippo.ehviewer.BuildConfig
com.hippo.ehviewer.DiskCache:
    private static final int VALUE_IDX
    81:89:public boolean hasKey(java.lang.String)
com.hippo.ehviewer.DownloadInfo:
    public static final int STOP
    public static final int DOWNLOADING
    public static final int WAITING
    public static final int COMPLETED
    public static final int FAILED
    public static final boolean DETAIL_URL
    public static final boolean PAGE_URL
com.hippo.ehviewer.ImageLoadManager:
    private static final java.lang.String TAG
com.hippo.ehviewer.ImageLoadManager$ImageDownloadManager:
    private static final int MAX_DOWNLOAD_THREADS
com.hippo.ehviewer.ListUrls:
    public static final int DOUJINSHI
    public static final int MANGA
    public static final int ARTIST_CG
    public static final int GAME_CG
    public static final int WESTERN
    public static final int NON_H
    public static final int IMAGE_SET
    public static final int COSPLAY
    public static final int ASIAN_PORN
    public static final int MISC
    public static final int UNKNOWN
    public static final int ALL_TYPE
    public static final int SNAME
    public static final int STAGS
    public static final int SDESC
    public static final int STORR
    public static final int STO
    public static final int STD1
    public static final int STD2
    public static final int SH
    90:93:public ListUrls(int)
    95:98:public ListUrls(int,int)
    112:113:public void setType(int)
    154:154:public boolean isSetMax()
    193:199:public boolean pageUp()
    204:210:public boolean pageDown()
com.hippo.ehviewer.PageList:
    60:63:public int getSum()
com.hippo.ehviewer.ParserException
com.hippo.ehviewer.R:
    10:10:public R()
com.hippo.ehviewer.R$array
com.hippo.ehviewer.R$attr
com.hippo.ehviewer.R$color
com.hippo.ehviewer.R$dimen
com.hippo.ehviewer.R$drawable
com.hippo.ehviewer.R$id
com.hippo.ehviewer.R$layout
com.hippo.ehviewer.R$menu
com.hippo.ehviewer.R$raw
com.hippo.ehviewer.R$string
com.hippo.ehviewer.R$style
com.hippo.ehviewer.R$styleable:
    670:670:public R$styleable()
com.hippo.ehviewer.R$xml
com.hippo.ehviewer.StartActivity:
    private static final int CHECK_WARING
    private static final int CHECK_NETWORK
    private static final int CHECK_CRASH
    private static final int CHECK_EXTERNAL_STORAGE
com.hippo.ehviewer.UpdateHelper:
    private static final java.lang.String TAG
    private static final int NOTIFICATION_ID
    public static final java.lang.String UPDATE_API
com.hippo.ehviewer.activity.DownloadActivity:
    private static final java.lang.String TAG
com.hippo.ehviewer.activity.FavouriteActivity:
    private static final java.lang.String TAG
com.hippo.ehviewer.activity.MangaActivity:
    private static final int maxRetry
com.hippo.ehviewer.activity.MangaActivity$2:
    326:326:public void onTapDoubleText(int)
com.hippo.ehviewer.activity.MangaDetailActivity:
    private static final java.lang.String TAG
    private int screenHeight
    private int columnCount
com.hippo.ehviewer.activity.MangaDownloadActivity:
    private static final java.lang.String TAG
    public static final java.lang.String KEY_TITLE
    public static final java.lang.String KEY_GID
    public static final java.lang.String KEY_SIZE
    public static final java.lang.String KEY_END_INDEX
com.hippo.ehviewer.activity.MangaListActivity:
    private static final int BACK_PRESSED_INTERVAL
...
android.support.v4.app.ShareCompatJB
android.support.v4.app.TaskStackBuilder
android.support.v4.app.TaskStackBuilder$SupportParentable
android.support.v4.app.TaskStackBuilder$TaskStackBuilderImpl
android.support.v4.app.TaskStackBuilder$TaskStackBuilderImplBase
android.support.v4.app.TaskStackBuilder$TaskStackBuilderImplHoneycomb
android.support.v4.app.TaskStackBuilder$TaskStackBuilderImplJellybean
android.support.v4.app.TaskStackBuilderHoneycomb
android.support.v4.app.TaskStackBuilderJellybean
android.support.v4.content.AsyncTaskLoader
android.support.v4.content.AsyncTaskLoader$LoadTask
android.support.v4.content.ContextCompat
android.support.v4.content.ContextCompatFroyo
android.support.v4.content.ContextCompatHoneycomb
android.support.v4.content.ContextCompatJellybean
android.support.v4.content.ContextCompatKitKat
android.support.v4.content.CursorLoader
android.support.v4.content.FileProvider
android.support.v4.content.FileProvider$PathStrategy
android.support.v4.content.FileProvider$SimplePathStrategy
android.support.v4.content.IntentCompat
android.support.v4.content.IntentCompat$IntentCompatImpl
android.support.v4.content.IntentCompat$IntentCompatImplBase
android.support.v4.content.IntentCompat$IntentCompatImplHC
android.support.v4.content.IntentCompat$IntentCompatImplIcsMr1
android.support.v4.content.IntentCompatHoneycomb
android.support.v4.content.IntentCompatIcsMr1
android.support.v4.content.Loader:
    android.content.Context mContext
    91:93:public Loader(android.content.Context)
    103:106:public void deliverResult(java.lang.Object)
    112:112:public android.content.Context getContext()
    119:119:public int getId()
    158:158:public boolean isStarted()
    167:167:public boolean isAbandoned()
    176:176:public boolean isReset()
    218:219:public void forceLoad()
    226:226:protected void onForceLoad()
    262:264:public void abandon()
    276:276:protected void onAbandon()
    314:317:public boolean takeContentChanged()
    328:329:public void commitContentChanged()
    339:342:public void rollbackContentChanged()
    353:361:public void onContentChanged()
android.support.v4.content.Loader$ForceLoadContentObserver
android.support.v4.content.Loader$OnLoadCompleteListener:
    public abstract void onLoadComplete(android.support.v4.content.Loader,java.lang.Object)
android.support.v4.content.LocalBroadcastManager
android.support.v4.content.LocalBroadcastManager$1
android.support.v4.content.LocalBroadcastManager$BroadcastRecord
android.support.v4.content.LocalBroadcastManager$ReceiverRecord
android.support.v4.content.ModernAsyncTask
android.support.v4.content.ModernAsyncTask$1
android.support.v4.content.ModernAsyncTask$2
android.support.v4.content.ModernAsyncTask$3
android.support.v4.content.ModernAsyncTask$4
android.support.v4.content.ModernAsyncTask$AsyncTaskResult
android.support.v4.content.ModernAsyncTask$InternalHandler
android.support.v4.content.ModernAsyncTask$Status
android.support.v4.content.ModernAsyncTask$WorkerRunnable
android.support.v4.content.WakefulBroadcastReceiver
android.support.v4.content.pm.ActivityInfoCompat
android.support.v4.database.DatabaseUtilsCompat
android.support.v4.graphics.drawable.DrawableCompat
android.support.v4.graphics.drawable.DrawableCompat$BaseDrawableImpl
android.support.v4.graphics.drawable.DrawableCompat$DrawableImpl
android.support.v4.graphics.drawable.DrawableCompat$HoneycombDrawableImpl
android.support.v4.graphics.drawable.DrawableCompat$KitKatDrawableImpl
android.support.v4.graphics.drawable.DrawableCompatHoneycomb
android.support.v4.graphics.drawable.DrawableCompatKitKat
android.support.v4.hardware.display.DisplayManagerCompat
android.support.v4.hardware.display.DisplayManagerCompat$JellybeanMr1Impl
android.support.v4.hardware.display.DisplayManagerCompat$LegacyImpl
android.support.v4.hardware.display.DisplayManagerJellybeanMr1
android.support.v4.internal.view.SupportMenu